<?xml version="1.0" encoding="UTF-8"?>
<testng-results ignored="0" total="1" passed="1" failed="0" skipped="0">
  <reporter-output>
  </reporter-output>
  <suite started-at="2022-10-17T18:27:57 WIB" name="Default suite" finished-at="2022-10-17T18:29:40 WIB" duration-ms="102770">
    <groups>
      <group name="cucumber">
        <method signature="AbstractTestNGCucumberTests.runScenario(io.cucumber.testng.PickleWrapper,io.cucumber.testng.FeatureWrapper)[pri:0, instance:runner.TestRunner@52b1beb6]" name="runScenario" class="io.cucumber.testng.AbstractTestNGCucumberTests"/>
      </group> <!-- cucumber -->
    </groups>
    <test started-at="2022-10-17T18:27:57 WIB" name="Default test" finished-at="2022-10-17T18:29:40 WIB" duration-ms="102770">
      <class name="runner.TestRunner">
        <test-method is-config="true" signature="setUpClass(org.testng.ITestContext)[pri:0, instance:runner.TestRunner@52b1beb6]" started-at="2022-10-17T18:27:57 WIB" name="setUpClass" finished-at="2022-10-17T18:27:59 WIB" duration-ms="1590" status="PASS">
          <params>
            <param index="0">
              <value>
                <![CDATA[org.testng.TestRunner@48a2db72]]>
              </value>
            </param>
          </params>
          <reporter-output>
          </reporter-output>
        </test-method> <!-- setUpClass -->
        <test-method signature="runScenario(io.cucumber.testng.PickleWrapper,io.cucumber.testng.FeatureWrapper)[pri:0, instance:runner.TestRunner@52b1beb6]" started-at="2022-10-17T18:27:59 WIB" name="runScenario" description="Runs Cucumber Scenarios" data-provider="scenarios" finished-at="2022-10-17T18:29:39 WIB" duration-ms="100634" status="PASS">
          <params>
            <param index="0">
              <value>
                <![CDATA["Order Item"]]>
              </value>
            </param>
            <param index="1">
              <value>
                <![CDATA["Order Amazon"]]>
              </value>
            </param>
          </params>
          <reporter-output>
          </reporter-output>
        </test-method> <!-- runScenario -->
        <test-method is-config="true" signature="tearDownClass()[pri:0, instance:runner.TestRunner@52b1beb6]" started-at="2022-10-17T18:29:39 WIB" name="tearDownClass" finished-at="2022-10-17T18:29:40 WIB" duration-ms="437" status="PASS">
          <reporter-output>
          </reporter-output>
        </test-method> <!-- tearDownClass -->
      </class> <!-- runner.TestRunner -->
    </test> <!-- Default test -->
  </suite> <!-- Default suite -->
</testng-results>
